<?xml version="1.0" encoding="UTF-8"?>
<testng-results skipped="0" failed="0" ignored="0" total="3" passed="3">
  <reporter-output>
  </reporter-output>
  <suite name="Suite" duration-ms="43990" started-at="2021-06-24T12:46:08Z" finished-at="2021-06-24T12:46:52Z">
    <groups>
    </groups>
    <test name="Test" duration-ms="43990" started-at="2021-06-24T12:46:08Z" finished-at="2021-06-24T12:46:52Z">
      <class name="com.practise.tests.HomePageTest">
        <test-method status="PASS" signature="setUP()[pri:0, instance:com.practise.tests.HomePageTest@27efef64]" name="setUP" is-config="true" duration-ms="19565" started-at="2021-06-24T12:46:08Z" finished-at="2021-06-24T12:46:28Z">
          <reporter-output>
          </reporter-output>
        </test-method> <!-- setUP -->
        <test-method status="PASS" signature="homePageTestDemo()[pri:0, instance:com.practise.tests.HomePageTest@27efef64]" name="homePageTestDemo" duration-ms="11582" started-at="2021-06-24T12:46:28Z" finished-at="2021-06-24T12:46:39Z">
          <reporter-output>
          </reporter-output>
        </test-method> <!-- homePageTestDemo -->
        <test-method status="PASS" signature="tearDown()[pri:0, instance:com.practise.tests.HomePageTest@27efef64]" name="tearDown" is-config="true" duration-ms="941" started-at="2021-06-24T12:46:39Z" finished-at="2021-06-24T12:46:40Z">
          <reporter-output>
          </reporter-output>
        </test-method> <!-- tearDown -->
        <test-method status="PASS" signature="setUP()[pri:0, instance:com.practise.tests.HomePageTest@27efef64]" name="setUP" is-config="true" duration-ms="9561" started-at="2021-06-24T12:46:40Z" finished-at="2021-06-24T12:46:49Z">
          <reporter-output>
          </reporter-output>
        </test-method> <!-- setUP -->
        <test-method status="PASS" signature="homePageTestDemo1()[pri:0, instance:com.practise.tests.HomePageTest@27efef64]" name="homePageTestDemo1" duration-ms="1917" started-at="2021-06-24T12:46:49Z" finished-at="2021-06-24T12:46:51Z">
          <reporter-output>
          </reporter-output>
        </test-method> <!-- homePageTestDemo1 -->
        <test-method status="PASS" signature="tearDown()[pri:0, instance:com.practise.tests.HomePageTest@27efef64]" name="tearDown" is-config="true" duration-ms="939" started-at="2021-06-24T12:46:51Z" finished-at="2021-06-24T12:46:52Z">
          <reporter-output>
          </reporter-output>
        </test-method> <!-- tearDown -->
      </class> <!-- com.practise.tests.HomePageTest -->
      <class name="com.practise.tests.LoginPageTest">
        <test-method status="PASS" signature="setUP()[pri:0, instance:com.practise.tests.LoginPageTest@59f99ea]" name="setUP" is-config="true" duration-ms="19920" started-at="2021-06-24T12:46:08Z" finished-at="2021-06-24T12:46:28Z">
          <reporter-output>
          </reporter-output>
        </test-method> <!-- setUP -->
        <test-method status="PASS" signature="loginTest()[pri:0, instance:com.practise.tests.LoginPageTest@59f99ea]" name="loginTest" duration-ms="10623" started-at="2021-06-24T12:46:28Z" finished-at="2021-06-24T12:46:39Z">
          <reporter-output>
          </reporter-output>
        </test-method> <!-- loginTest -->
        <test-method status="PASS" signature="tearDown()[pri:0, instance:com.practise.tests.LoginPageTest@59f99ea]" name="tearDown" is-config="true" duration-ms="967" started-at="2021-06-24T12:46:39Z" finished-at="2021-06-24T12:46:40Z">
          <reporter-output>
          </reporter-output>
        </test-method> <!-- tearDown -->
      </class> <!-- com.practise.tests.LoginPageTest -->
    </test> <!-- Test -->
  </suite> <!-- Suite -->
</testng-results>
