<?xml version="1.0" encoding="UTF-8"?>
<!-- Generated by org.testng.reporters.JUnitXMLReporter -->
<testsuite hostname="DESKTOP-J1R7SKA" ignored="0" name="Test" tests="3" failures="0" timestamp="24 Jun 2021 12:46:52 GMT" time="43.99" errors="0">
  <testcase name="loginTest" time="10.623" classname="com.practise.tests.LoginPageTest"/>
  <testcase name="homePageTestDemo" time="11.582" classname="com.practise.tests.HomePageTest"/>
  <testcase name="homePageTestDemo1" time="1.917" classname="com.practise.tests.HomePageTest"/>
</testsuite> <!-- Test -->
