<?xml version="1.0" encoding="UTF-8"?>
<!-- Generated by org.testng.reporters.JUnitXMLReporter -->
<testsuite hostname="DESKTOP-J1R7SKA" ignored="1" name="Default test" tests="1" failures="0" timestamp="19 Jul 2021 12:39:26 GMT" time="199.361" errors="0">
  <testcase name="loginintoDemo" time="187.868" classname="com.practise.tests.LoginPageTest"/>
  <testcase name="loginTest" time="0.0" classname="com.practise.tests.LoginPageTest">
    <ignored/>
  </testcase> <!-- loginTest -->
</testsuite> <!-- Default test -->
